[0.007s] Invoking command in '/home/robotics/fast_lio_ws/build/open3d_loc': /usr/local/bin/cmake /home/robotics/fast_lio_ws/src/FAST_LIO_LOCALIZATION_HUMANOID/open3d_loc -DCATKIN_INSTALL_INTO_PREFIX_ROOT=0 -DCATKIN_SYMLINK_INSTALL=ON -DCMAKE_INSTALL_PREFIX=/home/robotics/fast_lio_ws/install/open3d_loc
[0.009s] [0mCMake Deprecation Warning at CMakeLists.txt:1 (cmake_minimum_required):
[0.009s]   Compatibility with CMake < 3.10 will be removed from a future version of
[0.009s]   CMake.
[0.009s] 
[0.009s]   Update the VERSION argument <min> value.  Or, use the <min>...<max> syntax
[0.009s]   to tell CMake that the project requires at least <min> but has been updated
[0.009s]   to work with policies introduced by <max> or earlier.
[0.009s] 
[0.009s] [0m
[0.033s] -- The C compiler identification is GNU 11.4.0
[0.066s] -- The CXX compiler identification is GNU 11.4.0
[0.072s] -- Detecting C compiler ABI info
[0.105s] -- Detecting C compiler ABI info - done
[0.114s] -- Check for working C compiler: /usr/bin/cc - skipped
[0.114s] -- Detecting C compile features
[0.114s] -- Detecting C compile features - done
[0.121s] -- Detecting CXX compiler ABI info
[0.156s] -- Detecting CXX compiler ABI info - done
[0.165s] -- Check for working CXX compiler: /usr/bin/c++ - skipped
[0.165s] -- Detecting CXX compile features
[0.165s] -- Detecting CXX compile features - done
[0.172s] [31mCMake Error at CMakeLists.txt:6 (find_package):
[0.172s]   By not providing "Findcatkin.cmake" in CMAKE_MODULE_PATH this project has
[0.172s]   asked CMake to find a package configuration file provided by "catkin", but
[0.172s]   CMake did not find one.
[0.172s] 
[0.172s]   Could not find a package configuration file provided by "catkin" with any
[0.172s]   of the following names:
[0.172s] 
[0.172s]     catkinConfig.cmake
[0.172s]     catkin-config.cmake
[0.172s] 
[0.172s]   Add the installation prefix of "catkin" to CMAKE_PREFIX_PATH or set
[0.172s]   "catkin_DIR" to a directory containing one of the above files.  If "catkin"
[0.172s]   provides a separate development package or SDK, be sure it has been
[0.172s]   installed.
[0.172s] 
[0.172s] [0m
[0.172s] -- Configuring incomplete, errors occurred!
[0.176s] Invoked command in '/home/robotics/fast_lio_ws/build/open3d_loc' returned '1': /usr/local/bin/cmake /home/robotics/fast_lio_ws/src/FAST_LIO_LOCALIZATION_HUMANOID/open3d_loc -DCATKIN_INSTALL_INTO_PREFIX_ROOT=0 -DCATKIN_SYMLINK_INSTALL=ON -DCMAKE_INSTALL_PREFIX=/home/robotics/fast_lio_ws/install/open3d_loc
